[debug] [2022-10-23T07:58:01.311Z] ----------------------------------------------------------------------
[debug] [2022-10-23T07:58:01.314Z] Command:       C:\Program Files\nodejs\node.exe C:\Users\Dell\AppData\Roaming\npm\node_modules\firebase-tools\lib\bin\firebase.js init
[debug] [2022-10-23T07:58:01.315Z] CLI Version:   11.15.0
[debug] [2022-10-23T07:58:01.316Z] Platform:      win32
[debug] [2022-10-23T07:58:01.316Z] Node Version:  v16.15.1
[debug] [2022-10-23T07:58:01.424Z] Time:          Sun Oct 23 2022 13:58:01 GMT+0600 (Bangladesh Standard Time)
[debug] [2022-10-23T07:58:01.424Z] ----------------------------------------------------------------------
[debug] 
[debug] [2022-10-23T07:58:01.450Z] >>> [apiv2][query] GET https://firebase-public.firebaseio.com/cli.json [none]
[debug] [2022-10-23T07:58:01.483Z] > command requires scopes: ["email","openid","https://www.googleapis.com/auth/cloudplatformprojects.readonly","https://www.googleapis.com/auth/firebase","https://www.googleapis.com/auth/cloud-platform"]
[debug] [2022-10-23T07:58:01.484Z] > authorizing via signed-in user (hridoyhalder91@gmail.com)
[info] 
     ######## #### ########  ######## ########     ###     ######  ########
     ##        ##  ##     ## ##       ##     ##  ##   ##  ##       ##
     ######    ##  ########  ######   ########  #########  ######  ######
     ##        ##  ##    ##  ##       ##     ## ##     ##       ## ##
     ##       #### ##     ## ######## ########  ##     ##  ######  ########

You're about to initialize a Firebase project in this directory:

  C:\projects\react\new-working

Before we get started, keep in mind:

  * You are currently outside your home directory

[debug] [2022-10-23T07:58:02.353Z] <<< [apiv2][status] GET https://firebase-public.firebaseio.com/cli.json 200
[debug] [2022-10-23T07:58:02.353Z] <<< [apiv2][body] GET https://firebase-public.firebaseio.com/cli.json {"cloudBuildErrorAfter":1594252800000,"cloudBuildWarnAfter":1590019200000,"defaultNode10After":1594252800000,"minVersion":"3.0.5","node8DeploysDisabledAfter":1613390400000,"node8RuntimeDisabledAfter":1615809600000,"node8WarnAfter":1600128000000}
[info] 
=== Project Setup
[info] 
[info] First, let's associate this project directory with a Firebase project.
[info] You can create multiple project aliases by running firebase use --add, 
[info] but for now we'll just set up a default project.
[info] 
[debug] [2022-10-23T08:00:07.828Z] > refreshing access token with scopes: []
[debug] [2022-10-23T08:00:07.829Z] >>> [apiv2][query] POST https://www.googleapis.com/oauth2/v3/token [none]
[debug] [2022-10-23T08:00:07.830Z] >>> [apiv2][body] POST https://www.googleapis.com/oauth2/v3/token [omitted]
[debug] [2022-10-23T08:00:08.159Z] <<< [apiv2][status] POST https://www.googleapis.com/oauth2/v3/token 200
[debug] [2022-10-23T08:00:08.159Z] <<< [apiv2][body] POST https://www.googleapis.com/oauth2/v3/token [omitted]
[debug] [2022-10-23T08:00:08.198Z] >>> [apiv2][query] GET https://firebase.googleapis.com/v1beta1/projects pageSize=100
[debug] [2022-10-23T08:00:08.994Z] <<< [apiv2][status] GET https://firebase.googleapis.com/v1beta1/projects 200
[debug] [2022-10-23T08:00:08.994Z] <<< [apiv2][body] GET https://firebase.googleapis.com/v1beta1/projects [omitted]
[info] i  Using project dragon-news-client-64151 (dragon-news-client) 
[info] 
=== Hosting Setup
[info] 
[info] Your public directory is the folder (relative to your project directory) that
[info] will contain Hosting assets to be uploaded with firebase deploy. If you
[info] have a build process for your assets, use your build's output directory.
[info] 
[debug] [2022-10-23T18:51:58.362Z] >>> [apiv2][query] GET https://www.gstatic.com/firebasejs/releases.json [none]
[debug] [2022-10-23T18:51:59.414Z] <<< [apiv2][status] GET https://www.gstatic.com/firebasejs/releases.json 200
[debug] [2022-10-23T18:51:59.414Z] <<< [apiv2][body] GET https://www.gstatic.com/firebasejs/releases.json {"current":{"version":"9.12.1","browserURL":"https://www.gstatic.com/firebasejs/9.12.1/firebase.js","packageURL":"https://www.gstatic.com/firebasejs/9.12.1/firebase.tgz"},"live":{"version":"9.12","browserURL":"https://www.gstatic.com/firebasejs/live/9.12/firebase.js","packageURL":"https://www.gstatic.com/firebasejs/live/9.12/firebase.tgz"},"components":{"analytics":"https://www.gstatic.com/firebasejs/9.12.1/firebase-analytics.js","app":"https://www.gstatic.com/firebasejs/9.12.1/firebase-app.js","app-check":"https://www.gstatic.com/firebasejs/9.12.1/firebase-app-check.js","auth":"https://www.gstatic.com/firebasejs/9.12.1/firebase-auth.js","auth/cordova":"https://www.gstatic.com/firebasejs/9.12.1/firebase-auth/cordova.js","auth/react-native":"https://www.gstatic.com/firebasejs/9.12.1/firebase-auth/react-native.js","functions":"https://www.gstatic.com/firebasejs/9.12.1/firebase-functions.js","firestore":"https://www.gstatic.com/firebasejs/9.12.1/firebase-firestore.js","firestore/lite":"https://www.gstatic.com/firebasejs/9.12.1/firebase-firestore/lite.js","installations":"https://www.gstatic.com/firebasejs/9.12.1/firebase-installations.js","storage":"https://www.gstatic.com/firebasejs/9.12.1/firebase-storage.js","performance":"https://www.gstatic.com/firebasejs/9.12.1/firebase-performance.js","remote-config":"https://www.gstatic.com/firebasejs/9.12.1/firebase-remote-config.js","messaging":"https://www.gstatic.com/firebasejs/9.12.1/firebase-messaging.js","messaging/sw":"https://www.gstatic.com/firebasejs/9.12.1/firebase-messaging/sw.js","database":"https://www.gstatic.com/firebasejs/9.12.1/firebase-database.js","firestore.memory":"https://www.gstatic.com/firebasejs/9.12.1/firebase-firestore.memory.js"}}
[info] +  Wrote build/index.html 
[info] 
[info] i  Detected a .git folder at C:\projects\react\new-working 
[info] i  Authorizing with GitHub to upload your service account to a GitHub repository's secrets store. 
[info] 
[info] Visit this URL on this device to log in:
[info] https://github.com/login/oauth/authorize?client_id=89cf50f02ac6aaed3484&state=941165237&redirect_uri=http%3A%2F%2Flocalhost%3A9005&scope=read%3Auser%20repo%20public_repo
[info] 
[info] Waiting for authentication...
[debug] [2022-10-23T18:52:24.200Z] >>> [apiv2][query] POST https://github.com/login/oauth/access_token [none]
[debug] [2022-10-23T18:52:24.213Z] >>> [apiv2][body] POST https://github.com/login/oauth/access_token [stream]
[debug] [2022-10-23T18:52:25.184Z] <<< [apiv2][status] POST https://github.com/login/oauth/access_token 200
[debug] [2022-10-23T18:52:25.184Z] <<< [apiv2][body] POST https://github.com/login/oauth/access_token {"access_token":"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","token_type":"bearer","scope":"read:user,repo"}
[debug] [2022-10-23T18:52:26.105Z] >>> [apiv2][query] GET https://api.github.com/user [none]
[debug] [2022-10-23T18:52:27.073Z] <<< [apiv2][status] GET https://api.github.com/user 200
[debug] [2022-10-23T18:52:27.073Z] <<< [apiv2][body] GET https://api.github.com/user {"login":"hridoyhalder1","id":108365832,"node_id":"U_kgDOBnWICA","avatar_url":"https://avatars.githubusercontent.com/u/108365832?v=4","gravatar_id":"","url":"https://api.github.com/users/hridoyhalder1","html_url":"https://github.com/hridoyhalder1","followers_url":"https://api.github.com/users/hridoyhalder1/followers","following_url":"https://api.github.com/users/hridoyhalder1/following{/other_user}","gists_url":"https://api.github.com/users/hridoyhalder1/gists{/gist_id}","starred_url":"https://api.github.com/users/hridoyhalder1/starred{/owner}{/repo}","subscriptions_url":"https://api.github.com/users/hridoyhalder1/subscriptions","organizations_url":"https://api.github.com/users/hridoyhalder1/orgs","repos_url":"https://api.github.com/users/hridoyhalder1/repos","events_url":"https://api.github.com/users/hridoyhalder1/events{/privacy}","received_events_url":"https://api.github.com/users/hridoyhalder1/received_events","type":"User","site_admin":false,"name":"Hriday Haldar","company":null,"blog":"","location":null,"email":null,"hireable":null,"bio":null,"twitter_username":null,"public_repos":25,"public_gists":0,"followers":0,"following":2,"created_at":"2022-06-28T19:05:06Z","updated_at":"2022-09-26T17:19:10Z","private_gists":0,"total_private_repos":0,"owned_private_repos":0,"disk_usage":91104,"collaborators":0,"two_factor_authentication":false,"plan":{"name":"free","space":976562499,"collaborators":0,"private_repos":10000}}
[info] 
[info] +  Success! Logged into GitHub as hridoyhalder1 
[info] 
[debug] [2022-10-23T18:52:46.624Z] >>> [apiv2][query] GET https://api.github.com/repos/y/actions/secrets/public-key type=owner
[debug] [2022-10-23T18:52:47.252Z] <<< [apiv2][status] GET https://api.github.com/repos/y/actions/secrets/public-key 404
[debug] [2022-10-23T18:52:47.252Z] <<< [apiv2][body] GET https://api.github.com/repos/y/actions/secrets/public-key {"message":"Not Found","documentation_url":"https://docs.github.com/rest"}
[debug] [2022-10-23T18:53:06.053Z] >>> [apiv2][query] GET https://api.github.com/repos/y/actions/secrets/public-key type=owner
[debug] [2022-10-23T18:53:06.651Z] <<< [apiv2][status] GET https://api.github.com/repos/y/actions/secrets/public-key 404
[debug] [2022-10-23T18:53:06.651Z] <<< [apiv2][body] GET https://api.github.com/repos/y/actions/secrets/public-key {"message":"Not Found","documentation_url":"https://docs.github.com/rest"}
